{"/Users/romanshrestha/Desktop/project/hamro-pasal/hamro-pasal-backend/controllers/authController.js": {"path":"/Users/romanshrestha/Desktop/project/hamro-pasal/hamro-pasal-backend/controllers/authController.js","statementMap":{"0":{"start":{"line":20,"column":28},"end":{"line":102,"column":1}},"1":{"start":{"line":21,"column":2},"end":{"line":101,"column":3}},"2":{"start":{"line":22,"column":23},"end":{"line":22,"column":45}},"3":{"start":{"line":24,"column":26},"end":{"line":24,"column":58}},"4":{"start":{"line":26,"column":6},"end":{"line":26,"column":19}},"5":{"start":{"line":28,"column":4},"end":{"line":35,"column":7}},"6":{"start":{"line":38,"column":25},"end":{"line":38,"column":75}},"7":{"start":{"line":39,"column":4},"end":{"line":41,"column":5}},"8":{"start":{"line":40,"column":6},"end":{"line":40,"column":60}},"9":{"start":{"line":44,"column":25},"end":{"line":44,"column":56}},"10":{"start":{"line":47,"column":23},"end":{"line":55,"column":5}},"11":{"start":{"line":57,"column":4},"end":{"line":57,"column":52}},"12":{"start":{"line":60,"column":17},"end":{"line":60,"column":63}},"13":{"start":{"line":63,"column":4},"end":{"line":67,"column":5}},"14":{"start":{"line":64,"column":6},"end":{"line":66,"column":8}},"15":{"start":{"line":69,"column":18},"end":{"line":76,"column":5}},"16":{"start":{"line":79,"column":4},"end":{"line":89,"column":7}},"17":{"start":{"line":91,"column":4},"end":{"line":91,"column":44}},"18":{"start":{"line":94,"column":4},"end":{"line":98,"column":5}},"19":{"start":{"line":95,"column":6},"end":{"line":97,"column":66}},"20":{"start":{"line":100,"column":4},"end":{"line":100,"column":16}},"21":{"start":{"line":107,"column":25},"end":{"line":148,"column":1}},"22":{"start":{"line":108,"column":2},"end":{"line":147,"column":3}},"23":{"start":{"line":109,"column":23},"end":{"line":109,"column":45}},"24":{"start":{"line":110,"column":26},"end":{"line":110,"column":57}},"25":{"start":{"line":111,"column":32},"end":{"line":111,"column":45}},"26":{"start":{"line":113,"column":17},"end":{"line":113,"column":67}},"27":{"start":{"line":114,"column":4},"end":{"line":114,"column":69}},"28":{"start":{"line":114,"column":15},"end":{"line":114,"column":69}},"29":{"start":{"line":116,"column":20},"end":{"line":116,"column":65}},"30":{"start":{"line":117,"column":4},"end":{"line":117,"column":72}},"31":{"start":{"line":117,"column":18},"end":{"line":117,"column":72}},"32":{"start":{"line":119,"column":4},"end":{"line":122,"column":8}},"33":{"start":{"line":120,"column":6},"end":{"line":122,"column":8}},"34":{"start":{"line":124,"column":18},"end":{"line":131,"column":5}},"35":{"start":{"line":133,"column":4},"end":{"line":143,"column":7}},"36":{"start":{"line":145,"column":4},"end":{"line":145,"column":41}},"37":{"start":{"line":146,"column":4},"end":{"line":146,"column":16}},"38":{"start":{"line":153,"column":34},"end":{"line":208,"column":1}},"39":{"start":{"line":154,"column":2},"end":{"line":207,"column":3}},"40":{"start":{"line":156,"column":4},"end":{"line":156,"column":43}},"41":{"start":{"line":158,"column":4},"end":{"line":160,"column":5}},"42":{"start":{"line":159,"column":6},"end":{"line":159,"column":64}},"43":{"start":{"line":163,"column":29},"end":{"line":163,"column":69}},"44":{"start":{"line":165,"column":4},"end":{"line":168,"column":5}},"45":{"start":{"line":166,"column":6},"end":{"line":166,"column":71}},"46":{"start":{"line":167,"column":6},"end":{"line":167,"column":42}},"47":{"start":{"line":170,"column":41},"end":{"line":170,"column":62}},"48":{"start":{"line":171,"column":19},"end":{"line":171,"column":34}},"49":{"start":{"line":173,"column":4},"end":{"line":173,"column":53}},"50":{"start":{"line":176,"column":17},"end":{"line":178,"column":6}},"51":{"start":{"line":180,"column":4},"end":{"line":183,"column":5}},"52":{"start":{"line":181,"column":6},"end":{"line":181,"column":53}},"53":{"start":{"line":182,"column":6},"end":{"line":182,"column":55}},"54":{"start":{"line":186,"column":20},"end":{"line":186,"column":68}},"55":{"start":{"line":187,"column":4},"end":{"line":189,"column":5}},"56":{"start":{"line":188,"column":6},"end":{"line":188,"column":66}},"57":{"start":{"line":192,"column":30},"end":{"line":192,"column":64}},"58":{"start":{"line":195,"column":4},"end":{"line":198,"column":7}},"59":{"start":{"line":200,"column":4},"end":{"line":203,"column":7}},"60":{"start":{"line":205,"column":4},"end":{"line":205,"column":51}},"61":{"start":{"line":206,"column":4},"end":{"line":206,"column":16}},"62":{"start":{"line":213,"column":26},"end":{"line":221,"column":1}},"63":{"start":{"line":214,"column":2},"end":{"line":220,"column":3}},"64":{"start":{"line":216,"column":4},"end":{"line":216,"column":59}},"65":{"start":{"line":218,"column":4},"end":{"line":218,"column":42}},"66":{"start":{"line":219,"column":4},"end":{"line":219,"column":16}},"67":{"start":{"line":226,"column":30},"end":{"line":256,"column":1}},"68":{"start":{"line":227,"column":2},"end":{"line":255,"column":3}},"69":{"start":{"line":228,"column":4},"end":{"line":228,"column":60}},"70":{"start":{"line":231,"column":19},"end":{"line":231,"column":30}},"71":{"start":{"line":232,"column":4},"end":{"line":232,"column":45}},"72":{"start":{"line":234,"column":4},"end":{"line":234,"column":64}},"73":{"start":{"line":234,"column":17},"end":{"line":234,"column":64}},"74":{"start":{"line":236,"column":17},"end":{"line":247,"column":6}},"75":{"start":{"line":249,"column":4},"end":{"line":249,"column":64}},"76":{"start":{"line":249,"column":15},"end":{"line":249,"column":64}},"77":{"start":{"line":251,"column":4},"end":{"line":251,"column":31}},"78":{"start":{"line":253,"column":4},"end":{"line":253,"column":52}},"79":{"start":{"line":254,"column":4},"end":{"line":254,"column":16}}},"fnMap":{"0":{"name":"(anonymous_0)","decl":{"start":{"line":20,"column":28},"end":{"line":20,"column":29}},"loc":{"start":{"line":20,"column":54},"end":{"line":102,"column":1}},"line":20},"1":{"name":"(anonymous_1)","decl":{"start":{"line":107,"column":25},"end":{"line":107,"column":26}},"loc":{"start":{"line":107,"column":51},"end":{"line":148,"column":1}},"line":107},"2":{"name":"(anonymous_2)","decl":{"start":{"line":153,"column":34},"end":{"line":153,"column":35}},"loc":{"start":{"line":153,"column":60},"end":{"line":208,"column":1}},"line":153},"3":{"name":"(anonymous_3)","decl":{"start":{"line":213,"column":26},"end":{"line":213,"column":27}},"loc":{"start":{"line":213,"column":52},"end":{"line":221,"column":1}},"line":213},"4":{"name":"(anonymous_4)","decl":{"start":{"line":226,"column":30},"end":{"line":226,"column":31}},"loc":{"start":{"line":226,"column":56},"end":{"line":256,"column":1}},"line":226}},"branchMap":{"0":{"loc":{"start":{"line":39,"column":4},"end":{"line":41,"column":5}},"type":"if","locations":[{"start":{"line":39,"column":4},"end":{"line":41,"column":5}},{"start":{},"end":{}}],"line":39},"1":{"loc":{"start":{"line":52,"column":13},"end":{"line":52,"column":26}},"type":"binary-expr","locations":[{"start":{"line":52,"column":13},"end":{"line":52,"column":18}},{"start":{"line":52,"column":22},"end":{"line":52,"column":26}}],"line":52},"2":{"loc":{"start":{"line":53,"column":15},"end":{"line":53,"column":30}},"type":"binary-expr","locations":[{"start":{"line":53,"column":15},"end":{"line":53,"column":22}},{"start":{"line":53,"column":26},"end":{"line":53,"column":30}}],"line":53},"3":{"loc":{"start":{"line":54,"column":15},"end":{"line":54,"column":31}},"type":"binary-expr","locations":[{"start":{"line":54,"column":15},"end":{"line":54,"column":22}},{"start":{"line":54,"column":26},"end":{"line":54,"column":31}}],"line":54},"4":{"loc":{"start":{"line":63,"column":4},"end":{"line":67,"column":5}},"type":"if","locations":[{"start":{"line":63,"column":4},"end":{"line":67,"column":5}},{"start":{},"end":{}}],"line":63},"5":{"loc":{"start":{"line":94,"column":4},"end":{"line":98,"column":5}},"type":"if","locations":[{"start":{"line":94,"column":4},"end":{"line":98,"column":5}},{"start":{},"end":{}}],"line":94},"6":{"loc":{"start":{"line":114,"column":4},"end":{"line":114,"column":69}},"type":"if","locations":[{"start":{"line":114,"column":4},"end":{"line":114,"column":69}},{"start":{},"end":{}}],"line":114},"7":{"loc":{"start":{"line":117,"column":4},"end":{"line":117,"column":72}},"type":"if","locations":[{"start":{"line":117,"column":4},"end":{"line":117,"column":72}},{"start":{},"end":{}}],"line":117},"8":{"loc":{"start":{"line":119,"column":4},"end":{"line":122,"column":8}},"type":"if","locations":[{"start":{"line":119,"column":4},"end":{"line":122,"column":8}},{"start":{},"end":{}}],"line":119},"9":{"loc":{"start":{"line":158,"column":4},"end":{"line":160,"column":5}},"type":"if","locations":[{"start":{"line":158,"column":4},"end":{"line":160,"column":5}},{"start":{},"end":{}}],"line":158},"10":{"loc":{"start":{"line":158,"column":8},"end":{"line":158,"column":37}},"type":"binary-expr","locations":[{"start":{"line":158,"column":8},"end":{"line":158,"column":17}},{"start":{"line":158,"column":21},"end":{"line":158,"column":37}}],"line":158},"11":{"loc":{"start":{"line":165,"column":4},"end":{"line":168,"column":5}},"type":"if","locations":[{"start":{"line":165,"column":4},"end":{"line":168,"column":5}},{"start":{},"end":{}}],"line":165},"12":{"loc":{"start":{"line":180,"column":4},"end":{"line":183,"column":5}},"type":"if","locations":[{"start":{"line":180,"column":4},"end":{"line":183,"column":5}},{"start":{},"end":{}}],"line":180},"13":{"loc":{"start":{"line":187,"column":4},"end":{"line":189,"column":5}},"type":"if","locations":[{"start":{"line":187,"column":4},"end":{"line":189,"column":5}},{"start":{},"end":{}}],"line":187},"14":{"loc":{"start":{"line":234,"column":4},"end":{"line":234,"column":64}},"type":"if","locations":[{"start":{"line":234,"column":4},"end":{"line":234,"column":64}},{"start":{},"end":{}}],"line":234},"15":{"loc":{"start":{"line":249,"column":4},"end":{"line":249,"column":64}},"type":"if","locations":[{"start":{"line":249,"column":4},"end":{"line":249,"column":64}},{"start":{},"end":{}}],"line":249}},"s":{"0":1,"1":4,"2":4,"3":4,"4":3,"5":3,"6":3,"7":3,"8":1,"9":2,"10":2,"11":2,"12":2,"13":2,"14":1,"15":1,"16":1,"17":1,"18":1,"19":1,"20":0,"21":1,"22":4,"23":4,"24":4,"25":4,"26":4,"27":4,"28":1,"29":3,"30":3,"31":1,"32":2,"33":1,"34":1,"35":1,"36":0,"37":0,"38":1,"39":4,"40":4,"41":4,"42":1,"43":3,"44":3,"45":0,"46":0,"47":3,"48":3,"49":3,"50":3,"51":3,"52":1,"53":1,"54":2,"55":2,"56":1,"57":1,"58":1,"59":1,"60":0,"61":0,"62":1,"63":1,"64":1,"65":0,"66":0,"67":1,"68":3,"69":3,"70":3,"71":3,"72":3,"73":1,"74":2,"75":2,"76":1,"77":1,"78":0,"79":0},"f":{"0":4,"1":4,"2":4,"3":1,"4":3},"b":{"0":[1,2],"1":[2,0],"2":[2,0],"3":[2,2],"4":[1,1],"5":[1,0],"6":[1,3],"7":[1,2],"8":[1,1],"9":[1,3],"10":[4,4],"11":[0,3],"12":[1,2],"13":[1,1],"14":[1,2],"15":[1,1]},"_coverageSchema":"1a1c01bbd47fc00a2c39e90264f33305004495a9","hash":"2cf4bc613ee91e5ead133b974659adedd447de71"}
,"/Users/romanshrestha/Desktop/project/hamro-pasal/hamro-pasal-backend/controllers/usersController.js": {"path":"/Users/romanshrestha/Desktop/project/hamro-pasal/hamro-pasal-backend/controllers/usersController.js","statementMap":{"0":{"start":{"line":7,"column":27},"end":{"line":31,"column":1}},"1":{"start":{"line":8,"column":2},"end":{"line":30,"column":3}},"2":{"start":{"line":9,"column":19},"end":{"line":9,"column":29}},"3":{"start":{"line":11,"column":17},"end":{"line":24,"column":6}},"4":{"start":{"line":25,"column":4},"end":{"line":25,"column":57}},"5":{"start":{"line":25,"column":15},"end":{"line":25,"column":57}},"6":{"start":{"line":26,"column":4},"end":{"line":26,"column":31}},"7":{"start":{"line":28,"column":4},"end":{"line":28,"column":25}},"8":{"start":{"line":29,"column":4},"end":{"line":29,"column":16}},"9":{"start":{"line":34,"column":27},"end":{"line":55,"column":1}},"10":{"start":{"line":35,"column":2},"end":{"line":54,"column":3}},"11":{"start":{"line":36,"column":18},"end":{"line":48,"column":6}},"12":{"start":{"line":50,"column":4},"end":{"line":50,"column":32}},"13":{"start":{"line":52,"column":4},"end":{"line":52,"column":25}},"14":{"start":{"line":53,"column":4},"end":{"line":53,"column":16}},"15":{"start":{"line":58,"column":26},"end":{"line":76,"column":1}},"16":{"start":{"line":59,"column":2},"end":{"line":75,"column":3}},"17":{"start":{"line":60,"column":19},"end":{"line":60,"column":29}},"18":{"start":{"line":62,"column":4},"end":{"line":64,"column":7}},"19":{"start":{"line":66,"column":4},"end":{"line":66,"column":67}},"20":{"start":{"line":68,"column":4},"end":{"line":68,"column":25}},"21":{"start":{"line":70,"column":4},"end":{"line":72,"column":5}},"22":{"start":{"line":71,"column":6},"end":{"line":71,"column":55}},"23":{"start":{"line":74,"column":4},"end":{"line":74,"column":16}},"24":{"start":{"line":79,"column":26},"end":{"line":115,"column":1}},"25":{"start":{"line":80,"column":2},"end":{"line":114,"column":3}},"26":{"start":{"line":82,"column":19},"end":{"line":82,"column":29}},"27":{"start":{"line":83,"column":26},"end":{"line":83,"column":58}},"28":{"start":{"line":85,"column":17},"end":{"line":99,"column":6}},"29":{"start":{"line":101,"column":4},"end":{"line":101,"column":73}},"30":{"start":{"line":103,"column":4},"end":{"line":103,"column":25}},"31":{"start":{"line":105,"column":4},"end":{"line":107,"column":5}},"32":{"start":{"line":106,"column":6},"end":{"line":106,"column":55}},"33":{"start":{"line":109,"column":4},"end":{"line":111,"column":5}},"34":{"start":{"line":110,"column":6},"end":{"line":110,"column":72}},"35":{"start":{"line":113,"column":4},"end":{"line":113,"column":16}},"36":{"start":{"line":117,"column":38},"end":{"line":180,"column":1}},"37":{"start":{"line":118,"column":2},"end":{"line":179,"column":3}},"38":{"start":{"line":119,"column":4},"end":{"line":119,"column":50}},"39":{"start":{"line":121,"column":19},"end":{"line":121,"column":30}},"40":{"start":{"line":123,"column":4},"end":{"line":126,"column":5}},"41":{"start":{"line":124,"column":6},"end":{"line":124,"column":51}},"42":{"start":{"line":125,"column":6},"end":{"line":125,"column":63}},"43":{"start":{"line":128,"column":4},"end":{"line":130,"column":5}},"44":{"start":{"line":129,"column":6},"end":{"line":129,"column":57}},"45":{"start":{"line":132,"column":25},"end":{"line":132,"column":33}},"46":{"start":{"line":135,"column":23},"end":{"line":137,"column":6}},"47":{"start":{"line":139,"column":4},"end":{"line":141,"column":5}},"48":{"start":{"line":140,"column":6},"end":{"line":140,"column":55}},"49":{"start":{"line":144,"column":25},"end":{"line":146,"column":6}},"50":{"start":{"line":148,"column":4},"end":{"line":150,"column":6}},"51":{"start":{"line":153,"column":21},"end":{"line":158,"column":6}},"52":{"start":{"line":160,"column":4},"end":{"line":160,"column":76}},"53":{"start":{"line":162,"column":4},"end":{"line":166,"column":7}},"54":{"start":{"line":168,"column":4},"end":{"line":168,"column":56}},"55":{"start":{"line":170,"column":4},"end":{"line":172,"column":5}},"56":{"start":{"line":171,"column":6},"end":{"line":171,"column":61}},"57":{"start":{"line":174,"column":4},"end":{"line":176,"column":5}},"58":{"start":{"line":175,"column":6},"end":{"line":175,"column":63}},"59":{"start":{"line":178,"column":4},"end":{"line":178,"column":64}}},"fnMap":{"0":{"name":"(anonymous_0)","decl":{"start":{"line":7,"column":27},"end":{"line":7,"column":28}},"loc":{"start":{"line":7,"column":53},"end":{"line":31,"column":1}},"line":7},"1":{"name":"(anonymous_1)","decl":{"start":{"line":34,"column":27},"end":{"line":34,"column":28}},"loc":{"start":{"line":34,"column":54},"end":{"line":55,"column":1}},"line":34},"2":{"name":"(anonymous_2)","decl":{"start":{"line":58,"column":26},"end":{"line":58,"column":27}},"loc":{"start":{"line":58,"column":52},"end":{"line":76,"column":1}},"line":58},"3":{"name":"(anonymous_3)","decl":{"start":{"line":79,"column":26},"end":{"line":79,"column":27}},"loc":{"start":{"line":79,"column":52},"end":{"line":115,"column":1}},"line":79},"4":{"name":"(anonymous_4)","decl":{"start":{"line":117,"column":38},"end":{"line":117,"column":39}},"loc":{"start":{"line":117,"column":64},"end":{"line":180,"column":1}},"line":117}},"branchMap":{"0":{"loc":{"start":{"line":25,"column":4},"end":{"line":25,"column":57}},"type":"if","locations":[{"start":{"line":25,"column":4},"end":{"line":25,"column":57}},{"start":{},"end":{}}],"line":25},"1":{"loc":{"start":{"line":70,"column":4},"end":{"line":72,"column":5}},"type":"if","locations":[{"start":{"line":70,"column":4},"end":{"line":72,"column":5}},{"start":{},"end":{}}],"line":70},"2":{"loc":{"start":{"line":105,"column":4},"end":{"line":107,"column":5}},"type":"if","locations":[{"start":{"line":105,"column":4},"end":{"line":107,"column":5}},{"start":{},"end":{}}],"line":105},"3":{"loc":{"start":{"line":109,"column":4},"end":{"line":111,"column":5}},"type":"if","locations":[{"start":{"line":109,"column":4},"end":{"line":111,"column":5}},{"start":{},"end":{}}],"line":109},"4":{"loc":{"start":{"line":123,"column":4},"end":{"line":126,"column":5}},"type":"if","locations":[{"start":{"line":123,"column":4},"end":{"line":126,"column":5}},{"start":{},"end":{}}],"line":123},"5":{"loc":{"start":{"line":128,"column":4},"end":{"line":130,"column":5}},"type":"if","locations":[{"start":{"line":128,"column":4},"end":{"line":130,"column":5}},{"start":{},"end":{}}],"line":128},"6":{"loc":{"start":{"line":139,"column":4},"end":{"line":141,"column":5}},"type":"if","locations":[{"start":{"line":139,"column":4},"end":{"line":141,"column":5}},{"start":{},"end":{}}],"line":139},"7":{"loc":{"start":{"line":170,"column":4},"end":{"line":172,"column":5}},"type":"if","locations":[{"start":{"line":170,"column":4},"end":{"line":172,"column":5}},{"start":{},"end":{}}],"line":170},"8":{"loc":{"start":{"line":174,"column":4},"end":{"line":176,"column":5}},"type":"if","locations":[{"start":{"line":174,"column":4},"end":{"line":176,"column":5}},{"start":{},"end":{}}],"line":174}},"s":{"0":1,"1":3,"2":3,"3":3,"4":2,"5":1,"6":1,"7":2,"8":2,"9":1,"10":3,"11":3,"12":2,"13":1,"14":1,"15":1,"16":3,"17":3,"18":3,"19":1,"20":2,"21":2,"22":1,"23":1,"24":1,"25":4,"26":4,"27":4,"28":4,"29":1,"30":3,"31":3,"32":2,"33":1,"34":0,"35":1,"36":1,"37":8,"38":8,"39":8,"40":8,"41":1,"42":1,"43":7,"44":1,"45":6,"46":6,"47":6,"48":1,"49":5,"50":5,"51":5,"52":2,"53":2,"54":3,"55":3,"56":1,"57":2,"58":1,"59":1},"f":{"0":3,"1":3,"2":3,"3":4,"4":8},"b":{"0":[1,1],"1":[1,1],"2":[2,1],"3":[0,1],"4":[1,7],"5":[1,6],"6":[1,5],"7":[1,2],"8":[1,1]},"_coverageSchema":"1a1c01bbd47fc00a2c39e90264f33305004495a9","hash":"ee46bbbcc19792175ee8fd645cba5e022ec26d99"}
,"/Users/romanshrestha/Desktop/project/hamro-pasal/hamro-pasal-backend/middlewares/authMiddleware.js": {"path":"/Users/romanshrestha/Desktop/project/hamro-pasal/hamro-pasal-backend/middlewares/authMiddleware.js","statementMap":{"0":{"start":{"line":5,"column":28},"end":{"line":39,"column":1}},"1":{"start":{"line":6,"column":2},"end":{"line":38,"column":3}},"2":{"start":{"line":7,"column":18},"end":{"line":7,"column":69}},"3":{"start":{"line":9,"column":4},"end":{"line":11,"column":5}},"4":{"start":{"line":10,"column":6},"end":{"line":10,"column":74}},"5":{"start":{"line":13,"column":20},"end":{"line":13,"column":61}},"6":{"start":{"line":16,"column":4},"end":{"line":18,"column":5}},"7":{"start":{"line":17,"column":6},"end":{"line":17,"column":62}},"8":{"start":{"line":21,"column":4},"end":{"line":25,"column":6}},"9":{"start":{"line":27,"column":4},"end":{"line":27,"column":11}},"10":{"start":{"line":29,"column":4},"end":{"line":31,"column":5}},"11":{"start":{"line":30,"column":6},"end":{"line":30,"column":54}},"12":{"start":{"line":33,"column":4},"end":{"line":35,"column":5}},"13":{"start":{"line":34,"column":6},"end":{"line":34,"column":54}},"14":{"start":{"line":37,"column":4},"end":{"line":37,"column":53}},"15":{"start":{"line":41,"column":30},"end":{"line":51,"column":1}},"16":{"start":{"line":42,"column":2},"end":{"line":44,"column":3}},"17":{"start":{"line":43,"column":4},"end":{"line":43,"column":66}},"18":{"start":{"line":46,"column":2},"end":{"line":48,"column":3}},"19":{"start":{"line":47,"column":4},"end":{"line":47,"column":71}},"20":{"start":{"line":50,"column":2},"end":{"line":50,"column":9}}},"fnMap":{"0":{"name":"(anonymous_0)","decl":{"start":{"line":5,"column":28},"end":{"line":5,"column":29}},"loc":{"start":{"line":5,"column":54},"end":{"line":39,"column":1}},"line":5},"1":{"name":"(anonymous_1)","decl":{"start":{"line":41,"column":30},"end":{"line":41,"column":31}},"loc":{"start":{"line":41,"column":50},"end":{"line":51,"column":1}},"line":41}},"branchMap":{"0":{"loc":{"start":{"line":9,"column":4},"end":{"line":11,"column":5}},"type":"if","locations":[{"start":{"line":9,"column":4},"end":{"line":11,"column":5}},{"start":{},"end":{}}],"line":9},"1":{"loc":{"start":{"line":16,"column":4},"end":{"line":18,"column":5}},"type":"if","locations":[{"start":{"line":16,"column":4},"end":{"line":18,"column":5}},{"start":{},"end":{}}],"line":16},"2":{"loc":{"start":{"line":29,"column":4},"end":{"line":31,"column":5}},"type":"if","locations":[{"start":{"line":29,"column":4},"end":{"line":31,"column":5}},{"start":{},"end":{}}],"line":29},"3":{"loc":{"start":{"line":33,"column":4},"end":{"line":35,"column":5}},"type":"if","locations":[{"start":{"line":33,"column":4},"end":{"line":35,"column":5}},{"start":{},"end":{}}],"line":33},"4":{"loc":{"start":{"line":42,"column":2},"end":{"line":44,"column":3}},"type":"if","locations":[{"start":{"line":42,"column":2},"end":{"line":44,"column":3}},{"start":{},"end":{}}],"line":42},"5":{"loc":{"start":{"line":46,"column":2},"end":{"line":48,"column":3}},"type":"if","locations":[{"start":{"line":46,"column":2},"end":{"line":48,"column":3}},{"start":{},"end":{}}],"line":46}},"s":{"0":1,"1":8,"2":8,"3":8,"4":2,"5":6,"6":3,"7":1,"8":2,"9":2,"10":3,"11":1,"12":2,"13":1,"14":1,"15":1,"16":4,"17":2,"18":2,"19":1,"20":1},"f":{"0":8,"1":4},"b":{"0":[2,6],"1":[1,2],"2":[1,2],"3":[1,1],"4":[2,2],"5":[1,1]},"_coverageSchema":"1a1c01bbd47fc00a2c39e90264f33305004495a9","hash":"9586d845734c5ec477e524f15c83b7cb9505cdc9"}
,"/Users/romanshrestha/Desktop/project/hamro-pasal/hamro-pasal-backend/middlewares/errorMiddleware.js": {"path":"/Users/romanshrestha/Desktop/project/hamro-pasal/hamro-pasal-backend/middlewares/errorMiddleware.js","statementMap":{"0":{"start":{"line":2,"column":28},"end":{"line":52,"column":1}},"1":{"start":{"line":3,"column":2},"end":{"line":3,"column":41}},"2":{"start":{"line":4,"column":2},"end":{"line":4,"column":47}},"3":{"start":{"line":6,"column":19},"end":{"line":6,"column":40}},"4":{"start":{"line":7,"column":16},"end":{"line":7,"column":54}},"5":{"start":{"line":10,"column":2},"end":{"line":22,"column":3}},"6":{"start":{"line":11,"column":4},"end":{"line":11,"column":21}},"7":{"start":{"line":14,"column":4},"end":{"line":21,"column":5}},"8":{"start":{"line":15,"column":6},"end":{"line":18,"column":20}},"9":{"start":{"line":16,"column":21},"end":{"line":16,"column":49}},"10":{"start":{"line":17,"column":8},"end":{"line":17,"column":39}},"11":{"start":{"line":20,"column":6},"end":{"line":20,"column":35}},"12":{"start":{"line":25,"column":2},"end":{"line":28,"column":3}},"13":{"start":{"line":26,"column":4},"end":{"line":26,"column":21}},"14":{"start":{"line":27,"column":4},"end":{"line":27,"column":32}},"15":{"start":{"line":30,"column":2},"end":{"line":33,"column":3}},"16":{"start":{"line":31,"column":4},"end":{"line":31,"column":21}},"17":{"start":{"line":32,"column":4},"end":{"line":32,"column":33}},"18":{"start":{"line":35,"column":2},"end":{"line":38,"column":3}},"19":{"start":{"line":36,"column":4},"end":{"line":36,"column":21}},"20":{"start":{"line":37,"column":4},"end":{"line":37,"column":30}},"21":{"start":{"line":40,"column":2},"end":{"line":43,"column":3}},"22":{"start":{"line":41,"column":4},"end":{"line":41,"column":21}},"23":{"start":{"line":42,"column":4},"end":{"line":42,"column":30}},"24":{"start":{"line":45,"column":2},"end":{"line":51,"column":5}}},"fnMap":{"0":{"name":"(anonymous_0)","decl":{"start":{"line":2,"column":28},"end":{"line":2,"column":29}},"loc":{"start":{"line":2,"column":53},"end":{"line":52,"column":1}},"line":2},"1":{"name":"(anonymous_1)","decl":{"start":{"line":15,"column":31},"end":{"line":15,"column":32}},"loc":{"start":{"line":15,"column":36},"end":{"line":18,"column":7}},"line":15}},"branchMap":{"0":{"loc":{"start":{"line":6,"column":19},"end":{"line":6,"column":40}},"type":"binary-expr","locations":[{"start":{"line":6,"column":19},"end":{"line":6,"column":33}},{"start":{"line":6,"column":37},"end":{"line":6,"column":40}}],"line":6},"1":{"loc":{"start":{"line":7,"column":16},"end":{"line":7,"column":54}},"type":"binary-expr","locations":[{"start":{"line":7,"column":16},"end":{"line":7,"column":27}},{"start":{"line":7,"column":31},"end":{"line":7,"column":54}}],"line":7},"2":{"loc":{"start":{"line":10,"column":2},"end":{"line":22,"column":3}},"type":"if","locations":[{"start":{"line":10,"column":2},"end":{"line":22,"column":3}},{"start":{},"end":{}}],"line":10},"3":{"loc":{"start":{"line":14,"column":4},"end":{"line":21,"column":5}},"type":"if","locations":[{"start":{"line":14,"column":4},"end":{"line":21,"column":5}},{"start":{"line":19,"column":11},"end":{"line":21,"column":5}}],"line":14},"4":{"loc":{"start":{"line":14,"column":8},"end":{"line":14,"column":47}},"type":"binary-expr","locations":[{"start":{"line":14,"column":8},"end":{"line":14,"column":18}},{"start":{"line":14,"column":22},"end":{"line":14,"column":47}}],"line":14},"5":{"loc":{"start":{"line":16,"column":21},"end":{"line":16,"column":49}},"type":"binary-expr","locations":[{"start":{"line":16,"column":21},"end":{"line":16,"column":38}},{"start":{"line":16,"column":42},"end":{"line":16,"column":49}}],"line":16},"6":{"loc":{"start":{"line":25,"column":2},"end":{"line":28,"column":3}},"type":"if","locations":[{"start":{"line":25,"column":2},"end":{"line":28,"column":3}},{"start":{},"end":{}}],"line":25},"7":{"loc":{"start":{"line":30,"column":2},"end":{"line":33,"column":3}},"type":"if","locations":[{"start":{"line":30,"column":2},"end":{"line":33,"column":3}},{"start":{},"end":{}}],"line":30},"8":{"loc":{"start":{"line":35,"column":2},"end":{"line":38,"column":3}},"type":"if","locations":[{"start":{"line":35,"column":2},"end":{"line":38,"column":3}},{"start":{},"end":{}}],"line":35},"9":{"loc":{"start":{"line":40,"column":2},"end":{"line":43,"column":3}},"type":"if","locations":[{"start":{"line":40,"column":2},"end":{"line":43,"column":3}},{"start":{},"end":{}}],"line":40},"10":{"loc":{"start":{"line":48,"column":8},"end":{"line":50,"column":5}},"type":"binary-expr","locations":[{"start":{"line":48,"column":8},"end":{"line":48,"column":46}},{"start":{"line":48,"column":50},"end":{"line":50,"column":5}}],"line":48}},"s":{"0":1,"1":12,"2":12,"3":12,"4":12,"5":12,"6":3,"7":3,"8":2,"9":3,"10":3,"11":1,"12":12,"13":1,"14":1,"15":12,"16":1,"17":1,"18":12,"19":1,"20":1,"21":12,"22":1,"23":1,"24":12},"f":{"0":12,"1":3},"b":{"0":[12,11],"1":[12,0],"2":[3,9],"3":[2,1],"4":[3,2],"5":[3,1],"6":[1,11],"7":[1,11],"8":[1,11],"9":[1,11],"10":[12,1]},"_coverageSchema":"1a1c01bbd47fc00a2c39e90264f33305004495a9","hash":"4c718e70441512fde7b5effa35d988a10b0ae4bb"}
,"/Users/romanshrestha/Desktop/project/hamro-pasal/hamro-pasal-backend/utils/AppError.js": {"path":"/Users/romanshrestha/Desktop/project/hamro-pasal/hamro-pasal-backend/utils/AppError.js","statementMap":{"0":{"start":{"line":5,"column":4},"end":{"line":5,"column":19}},"1":{"start":{"line":6,"column":4},"end":{"line":6,"column":33}},"2":{"start":{"line":7,"column":4},"end":{"line":7,"column":30}}},"fnMap":{"0":{"name":"(anonymous_0)","decl":{"start":{"line":4,"column":2},"end":{"line":4,"column":3}},"loc":{"start":{"line":4,"column":35},"end":{"line":8,"column":3}},"line":4}},"branchMap":{},"s":{"0":37,"1":37,"2":37},"f":{"0":37},"b":{},"_coverageSchema":"1a1c01bbd47fc00a2c39e90264f33305004495a9","hash":"074ad4759c7ec87256582b3b8ed4c8c5dd4f1eb4"}
,"/Users/romanshrestha/Desktop/project/hamro-pasal/hamro-pasal-backend/utils/debugJWT.js": {"path":"/Users/romanshrestha/Desktop/project/hamro-pasal/hamro-pasal-backend/utils/debugJWT.js","statementMap":{"0":{"start":{"line":3,"column":27},"end":{"line":12,"column":1}},"1":{"start":{"line":4,"column":2},"end":{"line":11,"column":3}},"2":{"start":{"line":5,"column":20},"end":{"line":5,"column":37}},"3":{"start":{"line":6,"column":4},"end":{"line":6,"column":41}},"4":{"start":{"line":7,"column":4},"end":{"line":7,"column":19}},"5":{"start":{"line":9,"column":4},"end":{"line":9,"column":50}},"6":{"start":{"line":10,"column":4},"end":{"line":10,"column":16}}},"fnMap":{"0":{"name":"(anonymous_0)","decl":{"start":{"line":3,"column":27},"end":{"line":3,"column":28}},"loc":{"start":{"line":3,"column":38},"end":{"line":12,"column":1}},"line":3}},"branchMap":{},"s":{"0":0,"1":0,"2":0,"3":0,"4":0,"5":0,"6":0},"f":{"0":0},"b":{}}
,"/Users/romanshrestha/Desktop/project/hamro-pasal/hamro-pasal-backend/utils/uploads.js": {"path":"/Users/romanshrestha/Desktop/project/hamro-pasal/hamro-pasal-backend/utils/uploads.js","statementMap":{"0":{"start":{"line":6,"column":19},"end":{"line":6,"column":54}},"1":{"start":{"line":9,"column":0},"end":{"line":12,"column":1}},"2":{"start":{"line":10,"column":2},"end":{"line":10,"column":48}},"3":{"start":{"line":11,"column":2},"end":{"line":11,"column":56}},"4":{"start":{"line":15,"column":16},"end":{"line":28,"column":2}},"5":{"start":{"line":18,"column":4},"end":{"line":20,"column":5}},"6":{"start":{"line":19,"column":6},"end":{"line":19,"column":52}},"7":{"start":{"line":21,"column":4},"end":{"line":21,"column":25}},"8":{"start":{"line":25,"column":25},"end":{"line":25,"column":75}},"9":{"start":{"line":26,"column":4},"end":{"line":26,"column":61}},"10":{"start":{"line":31,"column":19},"end":{"line":43,"column":1}},"11":{"start":{"line":32,"column":23},"end":{"line":32,"column":46}},"12":{"start":{"line":33,"column":18},"end":{"line":35,"column":3}},"13":{"start":{"line":36,"column":19},"end":{"line":36,"column":51}},"14":{"start":{"line":38,"column":2},"end":{"line":42,"column":3}},"15":{"start":{"line":39,"column":4},"end":{"line":39,"column":26}},"16":{"start":{"line":41,"column":4},"end":{"line":41,"column":82}},"17":{"start":{"line":46,"column":22},"end":{"line":50,"column":2}},"18":{"start":{"line":53,"column":31},"end":{"line":56,"column":1}},"19":{"start":{"line":54,"column":19},"end":{"line":54,"column":50}},"20":{"start":{"line":55,"column":2},"end":{"line":55,"column":33}},"21":{"start":{"line":59,"column":26},"end":{"line":71,"column":1}},"22":{"start":{"line":60,"column":2},"end":{"line":70,"column":3}},"23":{"start":{"line":61,"column":21},"end":{"line":61,"column":52}},"24":{"start":{"line":62,"column":4},"end":{"line":65,"column":5}},"25":{"start":{"line":63,"column":6},"end":{"line":63,"column":30}},"26":{"start":{"line":64,"column":6},"end":{"line":64,"column":18}},"27":{"start":{"line":66,"column":4},"end":{"line":66,"column":17}},"28":{"start":{"line":68,"column":4},"end":{"line":68,"column":49}},"29":{"start":{"line":69,"column":4},"end":{"line":69,"column":17}}},"fnMap":{"0":{"name":"(anonymous_0)","decl":{"start":{"line":16,"column":15},"end":{"line":16,"column":16}},"loc":{"start":{"line":16,"column":42},"end":{"line":22,"column":3}},"line":16},"1":{"name":"(anonymous_1)","decl":{"start":{"line":23,"column":12},"end":{"line":23,"column":13}},"loc":{"start":{"line":23,"column":38},"end":{"line":27,"column":3}},"line":23},"2":{"name":"(anonymous_2)","decl":{"start":{"line":31,"column":19},"end":{"line":31,"column":20}},"loc":{"start":{"line":31,"column":39},"end":{"line":43,"column":1}},"line":31},"3":{"name":"(anonymous_3)","decl":{"start":{"line":53,"column":31},"end":{"line":53,"column":32}},"loc":{"start":{"line":53,"column":45},"end":{"line":56,"column":1}},"line":53},"4":{"name":"(anonymous_4)","decl":{"start":{"line":59,"column":26},"end":{"line":59,"column":27}},"loc":{"start":{"line":59,"column":40},"end":{"line":71,"column":1}},"line":59}},"branchMap":{"0":{"loc":{"start":{"line":9,"column":0},"end":{"line":12,"column":1}},"type":"if","locations":[{"start":{"line":9,"column":0},"end":{"line":12,"column":1}},{"start":{},"end":{}}],"line":9},"1":{"loc":{"start":{"line":18,"column":4},"end":{"line":20,"column":5}},"type":"if","locations":[{"start":{"line":18,"column":4},"end":{"line":20,"column":5}},{"start":{},"end":{}}],"line":18},"2":{"loc":{"start":{"line":38,"column":2},"end":{"line":42,"column":3}},"type":"if","locations":[{"start":{"line":38,"column":2},"end":{"line":42,"column":3}},{"start":{"line":40,"column":9},"end":{"line":42,"column":3}}],"line":38},"3":{"loc":{"start":{"line":38,"column":6},"end":{"line":38,"column":25}},"type":"binary-expr","locations":[{"start":{"line":38,"column":6},"end":{"line":38,"column":14}},{"start":{"line":38,"column":18},"end":{"line":38,"column":25}}],"line":38},"4":{"loc":{"start":{"line":62,"column":4},"end":{"line":65,"column":5}},"type":"if","locations":[{"start":{"line":62,"column":4},"end":{"line":65,"column":5}},{"start":{},"end":{}}],"line":62}},"s":{"0":2,"1":2,"2":2,"3":2,"4":2,"5":0,"6":0,"7":0,"8":0,"9":0,"10":2,"11":0,"12":0,"13":0,"14":0,"15":0,"16":0,"17":2,"18":2,"19":2,"20":2,"21":2,"22":3,"23":3,"24":3,"25":2,"26":1,"27":1,"28":1,"29":1},"f":{"0":0,"1":0,"2":0,"3":2,"4":3},"b":{"0":[2,0],"1":[0,0],"2":[0,0],"3":[0,0],"4":[2,1]},"_coverageSchema":"1a1c01bbd47fc00a2c39e90264f33305004495a9","hash":"c502c513f1dafb4669ad32c14b13833d291bc3d1"}
}
