TN:
SF:controllers/authController.js
FN:20,(anonymous_0)
FN:107,(anonymous_1)
FN:153,(anonymous_2)
FN:213,(anonymous_3)
FN:226,(anonymous_4)
FNF:5
FNH:5
FNDA:4,(anonymous_0)
FNDA:4,(anonymous_1)
FNDA:4,(anonymous_2)
FNDA:1,(anonymous_3)
FNDA:3,(anonymous_4)
DA:20,1
DA:21,4
DA:22,4
DA:24,4
DA:26,3
DA:28,3
DA:38,3
DA:39,3
DA:40,1
DA:44,2
DA:47,2
DA:57,2
DA:60,2
DA:63,2
DA:64,1
DA:69,1
DA:79,1
DA:91,1
DA:94,1
DA:95,1
DA:100,0
DA:107,1
DA:108,4
DA:109,4
DA:110,4
DA:111,4
DA:113,4
DA:114,4
DA:116,3
DA:117,3
DA:119,2
DA:120,1
DA:124,1
DA:133,1
DA:145,0
DA:146,0
DA:153,1
DA:154,4
DA:156,4
DA:158,4
DA:159,1
DA:163,3
DA:165,3
DA:166,0
DA:167,0
DA:170,3
DA:171,3
DA:173,3
DA:176,3
DA:180,3
DA:181,1
DA:182,1
DA:186,2
DA:187,2
DA:188,1
DA:192,1
DA:195,1
DA:200,1
DA:205,0
DA:206,0
DA:213,1
DA:214,1
DA:216,1
DA:218,0
DA:219,0
DA:226,1
DA:227,3
DA:228,3
DA:231,3
DA:232,3
DA:234,3
DA:236,2
DA:249,2
DA:251,1
DA:253,0
DA:254,0
LF:76
LH:65
BRDA:39,0,0,1
BRDA:39,0,1,2
BRDA:52,1,0,2
BRDA:52,1,1,0
BRDA:53,2,0,2
BRDA:53,2,1,0
BRDA:54,3,0,2
BRDA:54,3,1,2
BRDA:63,4,0,1
BRDA:63,4,1,1
BRDA:94,5,0,1
BRDA:94,5,1,0
BRDA:114,6,0,1
BRDA:114,6,1,3
BRDA:117,7,0,1
BRDA:117,7,1,2
BRDA:119,8,0,1
BRDA:119,8,1,1
BRDA:158,9,0,1
BRDA:158,9,1,3
BRDA:158,10,0,4
BRDA:158,10,1,4
BRDA:165,11,0,0
BRDA:165,11,1,3
BRDA:180,12,0,1
BRDA:180,12,1,2
BRDA:187,13,0,1
BRDA:187,13,1,1
BRDA:234,14,0,1
BRDA:234,14,1,2
BRDA:249,15,0,1
BRDA:249,15,1,1
BRF:32
BRH:28
end_of_record
TN:
SF:controllers/usersController.js
FN:7,(anonymous_0)
FN:34,(anonymous_1)
FN:58,(anonymous_2)
FN:79,(anonymous_3)
FN:117,(anonymous_4)
FNF:5
FNH:5
FNDA:3,(anonymous_0)
FNDA:3,(anonymous_1)
FNDA:3,(anonymous_2)
FNDA:4,(anonymous_3)
FNDA:8,(anonymous_4)
DA:7,1
DA:8,3
DA:9,3
DA:11,3
DA:25,2
DA:26,1
DA:28,2
DA:29,2
DA:34,1
DA:35,3
DA:36,3
DA:50,2
DA:52,1
DA:53,1
DA:58,1
DA:59,3
DA:60,3
DA:62,3
DA:66,1
DA:68,2
DA:70,2
DA:71,1
DA:74,1
DA:79,1
DA:80,4
DA:82,4
DA:83,4
DA:85,4
DA:101,1
DA:103,3
DA:105,3
DA:106,2
DA:109,1
DA:110,0
DA:113,1
DA:117,1
DA:118,8
DA:119,8
DA:121,8
DA:123,8
DA:124,1
DA:125,1
DA:128,7
DA:129,1
DA:132,6
DA:135,6
DA:139,6
DA:140,1
DA:144,5
DA:148,5
DA:153,5
DA:160,2
DA:162,2
DA:168,3
DA:170,3
DA:171,1
DA:174,2
DA:175,1
DA:178,1
LF:59
LH:58
BRDA:25,0,0,1
BRDA:25,0,1,1
BRDA:70,1,0,1
BRDA:70,1,1,1
BRDA:105,2,0,2
BRDA:105,2,1,1
BRDA:109,3,0,0
BRDA:109,3,1,1
BRDA:123,4,0,1
BRDA:123,4,1,7
BRDA:128,5,0,1
BRDA:128,5,1,6
BRDA:139,6,0,1
BRDA:139,6,1,5
BRDA:170,7,0,1
BRDA:170,7,1,2
BRDA:174,8,0,1
BRDA:174,8,1,1
BRF:18
BRH:17
end_of_record
TN:
SF:middlewares/authMiddleware.js
FN:5,(anonymous_0)
FN:41,(anonymous_1)
FNF:2
FNH:2
FNDA:8,(anonymous_0)
FNDA:4,(anonymous_1)
DA:5,1
DA:6,8
DA:7,8
DA:9,8
DA:10,2
DA:13,6
DA:16,3
DA:17,1
DA:21,2
DA:27,2
DA:29,3
DA:30,1
DA:33,2
DA:34,1
DA:37,1
DA:41,1
DA:42,4
DA:43,2
DA:46,2
DA:47,1
DA:50,1
LF:21
LH:21
BRDA:9,0,0,2
BRDA:9,0,1,6
BRDA:16,1,0,1
BRDA:16,1,1,2
BRDA:29,2,0,1
BRDA:29,2,1,2
BRDA:33,3,0,1
BRDA:33,3,1,1
BRDA:42,4,0,2
BRDA:42,4,1,2
BRDA:46,5,0,1
BRDA:46,5,1,1
BRF:12
BRH:12
end_of_record
TN:
SF:middlewares/errorMiddleware.js
FN:2,(anonymous_0)
FN:15,(anonymous_1)
FNF:2
FNH:2
FNDA:12,(anonymous_0)
FNDA:3,(anonymous_1)
DA:2,1
DA:3,12
DA:4,12
DA:6,12
DA:7,12
DA:10,12
DA:11,3
DA:14,3
DA:15,2
DA:16,3
DA:17,3
DA:20,1
DA:25,12
DA:26,1
DA:27,1
DA:30,12
DA:31,1
DA:32,1
DA:35,12
DA:36,1
DA:37,1
DA:40,12
DA:41,1
DA:42,1
DA:45,12
LF:25
LH:25
BRDA:6,0,0,12
BRDA:6,0,1,11
BRDA:7,1,0,12
BRDA:7,1,1,0
BRDA:10,2,0,3
BRDA:10,2,1,9
BRDA:14,3,0,2
BRDA:14,3,1,1
BRDA:14,4,0,3
BRDA:14,4,1,2
BRDA:16,5,0,3
BRDA:16,5,1,1
BRDA:25,6,0,1
BRDA:25,6,1,11
BRDA:30,7,0,1
BRDA:30,7,1,11
BRDA:35,8,0,1
BRDA:35,8,1,11
BRDA:40,9,0,1
BRDA:40,9,1,11
BRDA:48,10,0,12
BRDA:48,10,1,1
BRF:22
BRH:21
end_of_record
TN:
SF:utils/AppError.js
FN:4,(anonymous_0)
FNF:1
FNH:1
FNDA:37,(anonymous_0)
DA:5,37
DA:6,37
DA:7,37
LF:3
LH:3
BRF:0
BRH:0
end_of_record
TN:
SF:utils/debugJWT.js
FN:3,(anonymous_0)
FNF:1
FNH:0
FNDA:0,(anonymous_0)
DA:3,0
DA:4,0
DA:5,0
DA:6,0
DA:7,0
DA:9,0
DA:10,0
LF:7
LH:0
BRF:0
BRH:0
end_of_record
TN:
SF:utils/uploads.js
FN:16,(anonymous_0)
FN:23,(anonymous_1)
FN:31,(anonymous_2)
FN:53,(anonymous_3)
FN:59,(anonymous_4)
FNF:5
FNH:2
FNDA:0,(anonymous_0)
FNDA:0,(anonymous_1)
FNDA:0,(anonymous_2)
FNDA:2,(anonymous_3)
FNDA:3,(anonymous_4)
DA:6,2
DA:9,2
DA:10,2
DA:11,2
DA:15,2
DA:18,0
DA:19,0
DA:21,0
DA:25,0
DA:26,0
DA:31,2
DA:32,0
DA:33,0
DA:36,0
DA:38,0
DA:39,0
DA:41,0
DA:46,2
DA:53,2
DA:54,2
DA:55,2
DA:59,2
DA:60,3
DA:61,3
DA:62,3
DA:63,2
DA:64,1
DA:66,1
DA:68,1
DA:69,1
LF:30
LH:19
BRDA:9,0,0,2
BRDA:9,0,1,0
BRDA:18,1,0,0
BRDA:18,1,1,0
BRDA:38,2,0,0
BRDA:38,2,1,0
BRDA:38,3,0,0
BRDA:38,3,1,0
BRDA:62,4,0,2
BRDA:62,4,1,1
BRF:10
BRH:3
end_of_record
